<?xml version="1.0" encoding="UTF-8"?>
<!-- Generated by org.testng.reporters.JUnitXMLReporter -->
<testsuite hostname="LAPTOP-KJ92LBRO" ignored="0" name="Default test" tests="4" failures="0" timestamp="22 Nov 2022 02:03:44 GMT" time="3.88" errors="0">
  <testcase name="createOneProduct" time="2.066" classname="testCases.DeleteOneProductAdvanced"/>
  <testcase name="readAllProducts" time="1.131" classname="testCases.DeleteOneProductAdvanced"/>
  <testcase name="deleteOneProduct" time="0.329" classname="testCases.DeleteOneProductAdvanced"/>
  <testcase name="readOneDeletedProduct" time="0.334" classname="testCases.DeleteOneProductAdvanced"/>
</testsuite> <!-- Default test -->
